<?xml version="1.0" encoding="UTF-8"?>
<testng-results ignored="0" total="1" passed="1" failed="0" skipped="0">
  <reporter-output>
  </reporter-output>
  <suite started-at="2023-12-08T17:57:20 IST" name="test1" finished-at="2023-12-08T18:00:02 IST" duration-ms="161856">
    <groups>
      <group name="cucumber">
        <method signature="AbstractTestNGCucumberTests.runScenario(io.cucumber.testng.PickleWrapper,io.cucumber.testng.FeatureWrapper)[pri:0, instance:com.qa.chilternoak.runners.TestNGRunner@184497d1]" name="runScenario" class="io.cucumber.testng.AbstractTestNGCucumberTests"/>
      </group> <!-- cucumber -->
    </groups>
    <test started-at="2023-12-08T17:57:20 IST" name="CHILTERNOAK" finished-at="2023-12-08T18:00:02 IST" duration-ms="161856">
      <class name="com.qa.chilternoak.runners.TestNGRunner">
        <test-method is-config="true" signature="setUpClass(org.testng.ITestContext)[pri:0, instance:com.qa.chilternoak.runners.TestNGRunner@184497d1]" started-at="2023-12-08T17:57:20 IST" name="setUpClass" finished-at="2023-12-08T17:57:22 IST" duration-ms="1523" status="PASS">
          <params>
            <param index="0">
              <value>
                <![CDATA[org.testng.TestRunner@783f5f71]]>
              </value>
            </param>
          </params>
          <reporter-output>
          </reporter-output>
        </test-method> <!-- setUpClass -->
        <test-method signature="runScenario(io.cucumber.testng.PickleWrapper,io.cucumber.testng.FeatureWrapper)[pri:0, instance:com.qa.chilternoak.runners.TestNGRunner@184497d1]" started-at="2023-12-08T17:57:22 IST" name="runScenario" description="Runs Cucumber Scenarios" data-provider="scenarios" finished-at="2023-12-08T17:59:59 IST" duration-ms="157630" status="PASS">
          <params>
            <param index="0">
              <value>
                <![CDATA["To test the SignUp functionality"]]>
              </value>
            </param>
            <param index="1">
              <value>
                <![CDATA["Test the functionality of Chilternoak Page"]]>
              </value>
            </param>
          </params>
          <reporter-output>
          </reporter-output>
        </test-method> <!-- runScenario -->
        <test-method is-config="true" signature="tearDownClass()[pri:0, instance:com.qa.chilternoak.runners.TestNGRunner@184497d1]" started-at="2023-12-08T17:59:59 IST" name="tearDownClass" finished-at="2023-12-08T18:00:02 IST" duration-ms="2616" status="PASS">
          <reporter-output>
          </reporter-output>
        </test-method> <!-- tearDownClass -->
      </class> <!-- com.qa.chilternoak.runners.TestNGRunner -->
    </test> <!-- CHILTERNOAK -->
  </suite> <!-- test1 -->
</testng-results>
